c:\users\thomm\desktop\api_project\project\project\x64\debug\vc143.pdb
c:\users\thomm\desktop\api_project\project\project\x64\debug\vc143.idb
c:\users\thomm\desktop\api_project\project\project\x64\debug\main.obj
c:\users\thomm\desktop\project\api_project\project\project\x64\debug\vc143.pdb
c:\users\thomm\desktop\project\api_project\project\project\x64\debug\vc143.idb
c:\users\thomm\desktop\project\api_project\project\project\x64\debug\main.obj
c:\users\thomm\desktop\api_project\project\x64\debug\project.exe
c:\users\thomm\desktop\api_project\project\x64\debug\project.pdb
c:\users\thomm\desktop\api_project\project\project\x64\debug\project.ilk
c:\users\thomm\desktop\project\api_project\project\project\x64\debug\main.obj.enc
c:\users\thomm\desktop\project\api_project\project\x64\debug\project.pdb
c:\users\thomm\desktop\project\api_project\project\project\x64\debug\project.tlog\cl.command.1.tlog
c:\users\thomm\desktop\project\api_project\project\project\x64\debug\project.tlog\cl.items.tlog
c:\users\thomm\desktop\project\api_project\project\project\x64\debug\project.tlog\cl.read.1.tlog
c:\users\thomm\desktop\project\api_project\project\project\x64\debug\project.tlog\cl.write.1.tlog
c:\users\thomm\desktop\project\api_project\project\project\x64\debug\project.tlog\link-cvtres.read.1.tlog
c:\users\thomm\desktop\project\api_project\project\project\x64\debug\project.tlog\link-cvtres.write.1.tlog
c:\users\thomm\desktop\project\api_project\project\project\x64\debug\project.tlog\link-rc.read.1.tlog
c:\users\thomm\desktop\project\api_project\project\project\x64\debug\project.tlog\link-rc.write.1.tlog
c:\users\thomm\desktop\project\api_project\project\project\x64\debug\project.tlog\link.command.1.tlog
c:\users\thomm\desktop\project\api_project\project\project\x64\debug\project.tlog\link.read.1.tlog
c:\users\thomm\desktop\project\api_project\project\project\x64\debug\project.tlog\link.read.2.tlog
c:\users\thomm\desktop\project\api_project\project\project\x64\debug\project.tlog\link.read.3.tlog
c:\users\thomm\desktop\project\api_project\project\project\x64\debug\project.tlog\link.read.4.tlog
c:\users\thomm\desktop\project\api_project\project\project\x64\debug\project.tlog\link.secondary.1.tlog
c:\users\thomm\desktop\project\api_project\project\project\x64\debug\project.tlog\link.write.1.tlog
